<?xml version="1.0" encoding="UTF-8"?>
<testng-results skipped="0" failed="0" ignored="0" total="1" passed="1">
  <reporter-output>
  </reporter-output>
  <suite name="Suite" duration-ms="6150" started-at="2021-10-08T00:43:24 IST" finished-at="2021-10-08T00:43:30 IST">
    <groups>
    </groups>
    <test name="Test" duration-ms="6150" started-at="2021-10-08T00:43:24 IST" finished-at="2021-10-08T00:43:30 IST">
      <class name="restassured.restassure.SpaceXAPI">
        <test-method status="PASS" signature="setup()[pri:0, instance:restassured.restassure.SpaceXAPI@2f943d71]" name="setup" is-config="true" duration-ms="582" started-at="2021-10-08T00:43:24 IST" finished-at="2021-10-08T00:43:25 IST">
          <reporter-output>
          </reporter-output>
        </test-method> <!-- setup -->
        <test-method status="PASS" signature="test_01()[pri:0, instance:restassured.restassure.SpaceXAPI@2f943d71]" name="test_01" duration-ms="5514" started-at="2021-10-08T00:43:25 IST" finished-at="2021-10-08T00:43:30 IST">
          <reporter-output>
          </reporter-output>
        </test-method> <!-- test_01 -->
      </class> <!-- restassured.restassure.SpaceXAPI -->
    </test> <!-- Test -->
  </suite> <!-- Suite -->
</testng-results>
