<?xml version="1.0" encoding="UTF-8"?>
<!-- Generated by org.testng.reporters.JUnitXMLReporter -->
<testsuite hostname="LAPTOP-EECF3B8F" ignored="0" name="Chrome_Browser" tests="4" failures="0" timestamp="2021-10-07T23:39:24 IST" time="18.968" errors="0">
  <testcase name="searchForFlights" time="4.819" classname="tests.BookAFlightTest"/>
  <testcase name="chooseLowestPricedAirline" time="1.343" classname="tests.BookAFlightTest"/>
  <testcase name="purchaseFlightTicket" time="3.115" classname="tests.BookAFlightTest"/>
  <testcase name="bookingConfirmed" time="0.15" classname="tests.BookAFlightTest"/>
</testsuite> <!-- Chrome_Browser -->
