<?xml version="1.0" encoding="UTF-8"?>
<testsuite name="Chrome_Browser"
           tests="4"
           failures="0"
           errors="0"
           skipped="0"
           time="9.427">
  <properties />
  
  
            <testcase name="chooseLowestPricedAirline" time="1.343" classname="tests.BookAFlightTest" />
                <testcase name="purchaseFlightTicket" time="3.115" classname="tests.BookAFlightTest" />
                <testcase name="searchForFlights" time="4.819" classname="tests.BookAFlightTest" />
                <testcase name="bookingConfirmed" time="0.150" classname="tests.BookAFlightTest" />
      
</testsuite>
